{"numFailedTestSuites":0,"numFailedTests":0,"numPassedTestSuites":4,"numPassedTests":30,"numPendingTestSuites":0,"numPendingTests":0,"numRuntimeErrorTestSuites":0,"numTodoTests":0,"numTotalTestSuites":4,"numTotalTests":30,"openHandles":[],"snapshot":{"added":0,"didUpdate":false,"failure":false,"filesAdded":0,"filesRemoved":0,"filesRemovedList":[],"filesUnmatched":0,"filesUpdated":0,"matched":0,"total":0,"unchecked":0,"uncheckedKeysByFile":[],"unmatched":0,"updated":0},"startTime":1754663346768,"success":true,"testResults":[{"assertionResults":[{"ancestorTitles":["Structured Output Validation","Schema Validation"],"duration":1,"failureDetails":[],"failureMessages":[],"fullName":"Structured Output Validation Schema Validation should validate successful classification output","invocations":1,"location":null,"numPassingAsserts":3,"retryReasons":[],"status":"passed","title":"should validate successful classification output"},{"ancestorTitles":["Structured Output Validation","Schema Validation"],"duration":1,"failureDetails":[],"failureMessages":[],"fullName":"Structured Output Validation Schema Validation should fail validation for invalid schema","invocations":1,"location":null,"numPassingAsserts":2,"retryReasons":[],"status":"passed","title":"should fail validation for invalid schema"},{"ancestorTitles":["Structured Output Validation","Schema Validation"],"duration":0,"failureDetails":[],"failureMessages":[],"fullName":"Structured Output Validation Schema Validation should handle non-JSON string content","invocations":1,"location":null,"numPassingAsserts":1,"retryReasons":[],"status":"passed","title":"should handle non-JSON string content"},{"ancestorTitles":["Structured Output Validation","Retry Logic"],"duration":101,"failureDetails":[],"failureMessages":[],"fullName":"Structured Output Validation Retry Logic should retry validation with corrected data","invocations":1,"location":null,"numPassingAsserts":3,"retryReasons":[],"status":"passed","title":"should retry validation with corrected data"},{"ancestorTitles":["Structured Output Validation","Retry Logic"],"duration":102,"failureDetails":[],"failureMessages":[],"fullName":"Structured Output Validation Retry Logic should fail after max retries","invocations":1,"location":null,"numPassingAsserts":3,"retryReasons":[],"status":"passed","title":"should fail after max retries"},{"ancestorTitles":["Structured Output Validation","Common Schemas"],"duration":1,"failureDetails":[],"failureMessages":[],"fullName":"Structured Output Validation Common Schemas should validate sentiment analysis","invocations":1,"location":null,"numPassingAsserts":1,"retryReasons":[],"status":"passed","title":"should validate sentiment analysis"},{"ancestorTitles":["Structured Output Validation","Common Schemas"],"duration":0,"failureDetails":[],"failureMessages":[],"fullName":"Structured Output Validation Common Schemas should validate entity extraction","invocations":1,"location":null,"numPassingAsserts":1,"retryReasons":[],"status":"passed","title":"should validate entity extraction"},{"ancestorTitles":["Structured Output Validation","Common Schemas"],"duration":1,"failureDetails":[],"failureMessages":[],"fullName":"Structured Output Validation Common Schemas should validate Q&A response","invocations":1,"location":null,"numPassingAsserts":1,"retryReasons":[],"status":"passed","title":"should validate Q&A response"},{"ancestorTitles":["Structured Output Validation","Common Schemas"],"duration":0,"failureDetails":[],"failureMessages":[],"fullName":"Structured Output Validation Common Schemas should validate summary","invocations":1,"location":null,"numPassingAsserts":1,"retryReasons":[],"status":"passed","title":"should validate summary"},{"ancestorTitles":["Structured Output Validation","Common Schemas"],"duration":0,"failureDetails":[],"failureMessages":[],"fullName":"Structured Output Validation Common Schemas should validate tool call decision","invocations":1,"location":null,"numPassingAsserts":1,"retryReasons":[],"status":"passed","title":"should validate tool call decision"},{"ancestorTitles":["Structured Output Validation","Validation Wrapper"],"duration":0,"failureDetails":[],"failureMessages":[],"fullName":"Structured Output Validation Validation Wrapper should create a validation wrapper function","invocations":1,"location":null,"numPassingAsserts":4,"retryReasons":[],"status":"passed","title":"should create a validation wrapper function"},{"ancestorTitles":["Structured Output Validation","Validation Metrics"],"duration":0,"failureDetails":[],"failureMessages":[],"fullName":"Structured Output Validation Validation Metrics should generate correct metrics for successful validation","invocations":1,"location":null,"numPassingAsserts":4,"retryReasons":[],"status":"passed","title":"should generate correct metrics for successful validation"},{"ancestorTitles":["Structured Output Validation","Validation Metrics"],"duration":0,"failureDetails":[],"failureMessages":[],"fullName":"Structured Output Validation Validation Metrics should generate correct metrics for failed validation","invocations":1,"location":null,"numPassingAsserts":4,"retryReasons":[],"status":"passed","title":"should generate correct metrics for failed validation"},{"ancestorTitles":["Structured Output Validation","Custom Schema"],"duration":1,"failureDetails":[],"failureMessages":[],"fullName":"Structured Output Validation Custom Schema should work with custom user-defined schemas","invocations":1,"location":null,"numPassingAsserts":3,"retryReasons":[],"status":"passed","title":"should work with custom user-defined schemas"}],"endTime":1754663347677,"message":"","name":"/Users/jonathanhaas/eval2otel/test/validation.test.ts","startTime":1754663346855,"status":"passed","summary":""},{"assertionResults":[{"ancestorTitles":["Eval2Otel"],"duration":20,"failureDetails":[],"failureMessages":[],"fullName":"Eval2Otel should initialize without errors","invocations":1,"location":null,"numPassingAsserts":3,"retryReasons":[],"status":"passed","title":"should initialize without errors"},{"ancestorTitles":["Eval2Otel"],"duration":18,"failureDetails":[],"failureMessages":[],"fullName":"Eval2Otel should process a basic evaluation result","invocations":1,"location":null,"numPassingAsserts":1,"retryReasons":[],"status":"passed","title":"should process a basic evaluation result"},{"ancestorTitles":["Eval2Otel"],"duration":5,"failureDetails":[],"failureMessages":[],"fullName":"Eval2Otel should process evaluation with quality metrics","invocations":1,"location":null,"numPassingAsserts":1,"retryReasons":[],"status":"passed","title":"should process evaluation with quality metrics"}],"endTime":1754663347812,"message":"","name":"/Users/jonathanhaas/eval2otel/test/basic.test.ts","startTime":1754663347680,"status":"passed","summary":""},{"assertionResults":[{"ancestorTitles":["Agent and RAG Features"],"duration":1,"failureDetails":[],"failureMessages":[],"fullName":"Agent and RAG Features should handle agent execution with steps","invocations":1,"location":null,"numPassingAsserts":1,"retryReasons":[],"status":"passed","title":"should handle agent execution with steps"},{"ancestorTitles":["Agent and RAG Features"],"duration":1,"failureDetails":[],"failureMessages":[],"fullName":"Agent and RAG Features should handle RAG evaluation with chunks","invocations":1,"location":null,"numPassingAsserts":1,"retryReasons":[],"status":"passed","title":"should handle RAG evaluation with chunks"},{"ancestorTitles":["Agent and RAG Features"],"duration":0,"failureDetails":[],"failureMessages":[],"fullName":"Agent and RAG Features should handle workflow steps","invocations":1,"location":null,"numPassingAsserts":1,"retryReasons":[],"status":"passed","title":"should handle workflow steps"},{"ancestorTitles":["Agent and RAG Features"],"duration":0,"failureDetails":[],"failureMessages":[],"fullName":"Agent and RAG Features should handle agent with error in step","invocations":1,"location":null,"numPassingAsserts":1,"retryReasons":[],"status":"passed","title":"should handle agent with error in step"},{"ancestorTitles":["Agent and RAG Features"],"duration":0,"failureDetails":[],"failureMessages":[],"fullName":"Agent and RAG Features should process RAG metrics correctly","invocations":1,"location":null,"numPassingAsserts":1,"retryReasons":[],"status":"passed","title":"should process RAG metrics correctly"}],"endTime":1754663347880,"message":"","name":"/Users/jonathanhaas/eval2otel/test/agent-rag.test.ts","startTime":1754663347813,"status":"passed","summary":""},{"assertionResults":[{"ancestorTitles":["Advanced Eval2Otel Features"],"duration":1,"failureDetails":[],"failureMessages":[],"fullName":"Advanced Eval2Otel Features should support text_completion operation","invocations":1,"location":null,"numPassingAsserts":1,"retryReasons":[],"status":"passed","title":"should support text_completion operation"},{"ancestorTitles":["Advanced Eval2Otel Features"],"duration":0,"failureDetails":[],"failureMessages":[],"fullName":"Advanced Eval2Otel Features should support embeddings operation","invocations":1,"location":null,"numPassingAsserts":1,"retryReasons":[],"status":"passed","title":"should support embeddings operation"},{"ancestorTitles":["Advanced Eval2Otel Features"],"duration":1,"failureDetails":[],"failureMessages":[],"fullName":"Advanced Eval2Otel Features should create custom evaluation counters","invocations":1,"location":null,"numPassingAsserts":3,"retryReasons":[],"status":"passed","title":"should create custom evaluation counters"},{"ancestorTitles":["Advanced Eval2Otel Features"],"duration":0,"failureDetails":[],"failureMessages":[],"fullName":"Advanced Eval2Otel Features should create custom evaluation histograms","invocations":1,"location":null,"numPassingAsserts":3,"retryReasons":[],"status":"passed","title":"should create custom evaluation histograms"},{"ancestorTitles":["Advanced Eval2Otel Features"],"duration":0,"failureDetails":[],"failureMessages":[],"fullName":"Advanced Eval2Otel Features should support batch processing","invocations":1,"location":null,"numPassingAsserts":1,"retryReasons":[],"status":"passed","title":"should support batch processing"},{"ancestorTitles":["Advanced Eval2Otel Features"],"duration":0,"failureDetails":[],"failureMessages":[],"fullName":"Advanced Eval2Otel Features should support all quality metrics","invocations":1,"location":null,"numPassingAsserts":1,"retryReasons":[],"status":"passed","title":"should support all quality metrics"},{"ancestorTitles":["Advanced Eval2Otel Features"],"duration":0,"failureDetails":[],"failureMessages":[],"fullName":"Advanced Eval2Otel Features should handle tool execution with complex arguments","invocations":1,"location":null,"numPassingAsserts":1,"retryReasons":[],"status":"passed","title":"should handle tool execution with complex arguments"},{"ancestorTitles":["Advanced Eval2Otel Features"],"duration":0,"failureDetails":[],"failureMessages":[],"fullName":"Advanced Eval2Otel Features should handle errors in evaluations","invocations":1,"location":null,"numPassingAsserts":1,"retryReasons":[],"status":"passed","title":"should handle errors in evaluations"}],"endTime":1754663347946,"message":"","name":"/Users/jonathanhaas/eval2otel/test/advanced.test.ts","startTime":1754663347881,"status":"passed","summary":""}],"wasInterrupted":false}
